<?xml version="1.0" encoding="UTF-8"?>
<!-- Generated by org.testng.reporters.JUnitReportReporter -->
<testsuite hostname="DESKTOP-A4VLJ8U" failures="0" tests="1" name="TestNG.TestNG1" time="0.005" errors="0" timestamp="2023-02-12T22:34:17 IST" skipped="0">
  <testcase classname="TestNG.TestNG1" name="test" time="0.005"/>
  <system-out/>
</testsuite> <!-- TestNG.TestNG1 -->
