<?xml version="1.0" encoding="UTF-8"?>
<!-- Generated by org.testng.reporters.JUnitReportReporter -->
<testsuite hostname="DESKTOP-A4VLJ8U" failures="0" tests="4" name="TestNG.Keyword1" time="0.022" errors="0" timestamp="2023-02-12T22:34:17 IST" skipped="0">
  <testcase classname="TestNG.Keyword1" name="test4" time="0.002"/>
  <system-out/>
  <testcase classname="TestNG.Keyword1" name="test3" time="0.005"/>
  <system-out/>
  <testcase classname="TestNG.Keyword1" name="test1" time="0.007"/>
  <system-out/>
  <testcase classname="TestNG.Keyword1" name="test2" time="0.008"/>
  <system-out/>
</testsuite> <!-- TestNG.Keyword1 -->
