<?xml version="1.0" encoding="UTF-8"?>
<!-- Generated by org.testng.reporters.JUnitReportReporter -->
<testsuite hostname="DESKTOP-A4VLJ8U" failures="0" tests="3" name="TestNG.Keyword3$Keyword2" time="0.010" errors="0" timestamp="2023-02-12T22:34:17 IST" skipped="0">
  <testcase classname="TestNG.Keyword3$Keyword2" name="test3" time="0.002"/>
  <system-out/>
  <testcase classname="TestNG.Keyword3$Keyword2" name="test1" time="0.005"/>
  <system-out/>
  <testcase classname="TestNG.Keyword3$Keyword2" name="test4" time="0.003"/>
  <system-out/>
</testsuite> <!-- TestNG.Keyword3$Keyword2 -->
